2022-04-17 14:08:40.103 [main] INFO  Calculator - RESULT - Power of 2.0^3.0 = 8.0
2022-04-17 14:08:40.107 [main] INFO  Calculator - RESULT - Power of -3.0^3.0 = -27.0
2022-04-17 14:08:40.109 [main] INFO  Calculator - RESULT - NaturalLog of 10.0 = 2.302585092994046
2022-04-17 14:08:40.110 [main] INFO  Calculator - RESULT - NaturalLog of 1.0 = 0.0
2022-04-17 14:08:40.111 [main] INFO  Calculator - RESULT - SquareRoot of 9.0 = 3.0
2022-04-17 14:08:40.112 [main] INFO  Calculator - RESULT - SquareRoot of 16.0 = 4.0
2022-04-17 14:08:40.113 [main] INFO  Calculator - RESULT - Factorial of 5.0 = 120.0
2022-04-17 14:08:40.114 [main] INFO  Calculator - RESULT - Factorial of 6.0 = 720.0
2022-04-17 14:08:40.115 [main] INFO  Calculator - RESULT - Power of 2.0^3.0 = 8.0
2022-04-17 14:08:40.116 [main] INFO  Calculator - RESULT - Power of -4.5^3.0 = -91.125
2022-04-17 14:08:40.117 [main] INFO  Calculator - RESULT - SquareRoot of 3.0 = 1.7320508075688772
2022-04-17 14:08:40.117 [main] INFO  Calculator - RESULT - SquareRoot of 2.0 = 1.4142135623730951
2022-04-17 14:08:40.118 [main] INFO  Calculator - RESULT - NaturalLog of 15.0 = 2.70805020110221
2022-04-17 14:08:40.119 [main] INFO  Calculator - RESULT - NaturalLog of 12.3 = 2.509599262378372
2022-04-17 14:08:40.120 [main] INFO  Calculator - RESULT - Factorial of 4.0 = 24.0
2022-04-17 14:08:40.121 [main] INFO  Calculator - RESULT - Factorial of 5.0 = 120.0
2022-04-17 14:09:22.042 [main] INFO  Calculator - RESULT - Power of 2.0^3.0 = 8.0
2022-04-17 14:09:22.046 [main] INFO  Calculator - RESULT - Power of -3.0^3.0 = -27.0
2022-04-17 14:09:22.048 [main] INFO  Calculator - RESULT - NaturalLog of 10.0 = 2.302585092994046
2022-04-17 14:09:22.049 [main] INFO  Calculator - RESULT - NaturalLog of 1.0 = 0.0
2022-04-17 14:09:22.051 [main] INFO  Calculator - RESULT - SquareRoot of 9.0 = 3.0
2022-04-17 14:09:22.052 [main] INFO  Calculator - RESULT - SquareRoot of 16.0 = 4.0
2022-04-17 14:09:22.054 [main] INFO  Calculator - RESULT - Factorial of 5.0 = 120.0
2022-04-17 14:09:22.055 [main] INFO  Calculator - RESULT - Factorial of 6.0 = 720.0
2022-04-17 14:09:22.056 [main] INFO  Calculator - RESULT - Power of 2.0^3.0 = 8.0
2022-04-17 14:09:22.056 [main] INFO  Calculator - RESULT - Power of -4.5^3.0 = -91.125
2022-04-17 14:09:22.057 [main] INFO  Calculator - RESULT - SquareRoot of 3.0 = 1.7320508075688772
2022-04-17 14:09:22.058 [main] INFO  Calculator - RESULT - SquareRoot of 2.0 = 1.4142135623730951
2022-04-17 14:09:22.060 [main] INFO  Calculator - RESULT - NaturalLog of 15.0 = 2.70805020110221
2022-04-17 14:09:22.060 [main] INFO  Calculator - RESULT - NaturalLog of 12.3 = 2.509599262378372
2022-04-17 14:09:22.062 [main] INFO  Calculator - RESULT - Factorial of 4.0 = 24.0
2022-04-17 14:09:22.063 [main] INFO  Calculator - RESULT - Factorial of 5.0 = 120.0
2022-04-17 14:09:54.328 [main] INFO  Calculator - RESULT - SquareRoot of 225.0 = 15.0
2022-04-17 14:10:01.951 [main] INFO  Calculator - RESULT - Factorial of 7.0 = 5040.0
2022-04-17 14:10:07.323 [main] INFO  Calculator - RESULT - NaturalLog of 150.0 = 5.0106352940962555
2022-04-17 14:10:16.434 [main] INFO  Calculator - RESULT - Power of 45.0^3.0 = 91125.0
2022-04-17 14:10:23.638 [main] INFO  Calculator - RESULT - SquareRoot of 445.0 = 21.095023109728988
2022-04-17 14:10:29.830 [main] INFO  Calculator - RESULT - Factorial of 7.0 = 5040.0
2022-04-17 14:10:36.436 [main] INFO  Calculator - RESULT - NaturalLog of 56.0 = 4.02535169073515
2022-04-17 14:10:45.779 [main] INFO  Calculator - RESULT - Power of 23.0^4.0 = 279841.0
2022-04-17 14:10:53.412 [main] INFO  Calculator - RESULT - SquareRoot of 45.0 = 6.708203932499369
2022-04-17 14:11:01.885 [main] INFO  Calculator - RESULT - Factorial of 9.0 = 362880.0
2022-04-17 14:11:07.537 [main] INFO  Calculator - RESULT - Power of 9.0^9.0 = 3.87420489E8
2022-04-17 14:12:12.897 [main] INFO  Calculator - RESULT - SquareRoot of 64.0 = 8.0
2022-04-17 14:12:22.455 [main] INFO  Calculator - RESULT - Factorial of 8.0 = 40320.0
2022-04-17 14:12:26.777 [main] INFO  Calculator - RESULT - NaturalLog of 100.0 = 4.605170185988092
2022-04-17 14:12:33.744 [main] INFO  Calculator - RESULT - Power of 3.0^9.0 = 19683.0
2022-04-17 14:12:42.342 [main] INFO  Calculator - RESULT - SquareRoot of 121.0 = 11.0
2022-04-17 14:12:50.483 [main] INFO  Calculator - RESULT - Factorial of 10.0 = 3628800.0
2022-04-17 14:12:57.350 [main] INFO  Calculator - RESULT - NaturalLog of 1000.0 = 6.907755278982137
2022-04-17 14:13:03.830 [main] INFO  Calculator - RESULT - Power of 4.0^11.0 = 4194304.0
2022-04-17 14:13:09.990 [main] INFO  Calculator - RESULT - SquareRoot of 1000.0 = 31.622776601683793
2022-04-17 14:13:15.356 [main] INFO  Calculator - RESULT - Factorial of 11.0 = 3.99168E7
2022-04-17 14:13:23.164 [main] INFO  Calculator - RESULT - NaturalLog of 100000.0 = 11.512925464970229
2022-04-17 14:13:30.021 [main] INFO  Calculator - RESULT - Power of 5.0^10.0 = 9765625.0
2022-04-17 14:14:07.335 [main] INFO  Calculator - RESULT - SquareRoot of 234.0 = 15.297058540778355
2022-04-17 14:14:13.242 [main] INFO  Calculator - RESULT - Factorial of 12.0 = 4.790016E8
2022-04-17 14:14:17.496 [main] INFO  Calculator - RESULT - NaturalLog of 123.0 = 4.812184355372417
2022-04-17 14:14:23.311 [main] INFO  Calculator - RESULT - Power of 12.0^4.0 = 20736.0
2022-04-17 14:14:26.916 [main] INFO  Calculator - RESULT - SquareRoot of 1234.0 = 35.12833614050059
2022-04-17 14:14:34.723 [main] INFO  Calculator - RESULT - Factorial of 11.0 = 3.99168E7
2022-04-17 14:14:39.865 [main] INFO  Calculator - RESULT - NaturalLog of 653232.0 = 13.38968762846821
2022-04-17 14:14:44.502 [main] INFO  Calculator - RESULT - Power of 23.0^45.0 = 1.8956258430116204E61
2022-04-17 14:14:49.219 [main] INFO  Calculator - RESULT - SquareRoot of 2462412.0 = 1569.2074432655486
2022-04-17 14:14:55.809 [main] INFO  Calculator - RESULT - Factorial of 12.0 = 4.790016E8
2022-04-17 14:15:02.615 [main] INFO  Calculator - RESULT - NaturalLog of 3452372.0 = 15.05457208899467
2022-04-17 14:15:07.608 [main] INFO  Calculator - RESULT - Power of 10.0^10.0 = 1.0E10
2022-04-17 14:15:13.170 [main] INFO  Calculator - RESULT - SquareRoot of 3234126.0 = 1798.3675931243868
2022-04-17 14:15:16.960 [main] INFO  Calculator - RESULT - Factorial of 2.0 = 2.0
2022-04-17 14:15:21.176 [main] INFO  Calculator - RESULT - NaturalLog of 125135.0 = 11.737148433504002
2022-04-17 14:15:31.410 [main] INFO  Calculator - RESULT - Power of 56.0^4.0 = 9834496.0
2022-04-17 14:15:38.323 [main] INFO  Calculator - RESULT - SquareRoot of 54674.0 = 233.82472067769052
2022-04-17 14:15:48.296 [main] INFO  Calculator - RESULT - Factorial of 1.0 = 1.0
2022-04-17 14:15:51.632 [main] INFO  Calculator - RESULT - NaturalLog of 3456346.0 = 15.055722519635578
2022-04-17 14:16:00.617 [main] INFO  Calculator - RESULT - Power of 23.0^9.0 = 1.801152661463E12
2022-04-17 14:16:06.145 [main] INFO  Calculator - RESULT - SquareRoot of 345245.0 = 587.5755270601389
2022-04-17 14:16:14.212 [main] INFO  Calculator - RESULT - Factorial of 11.0 = 3.99168E7
2022-04-17 14:16:21.107 [main] INFO  Calculator - RESULT - NaturalLog of 4322364.0 = 15.279313032771034
2022-04-17 14:16:29.055 [main] INFO  Calculator - RESULT - Power of 12.0^5.0 = 248832.0
2022-04-17 14:16:58.344 [main] INFO  Calculator - RESULT - SquareRoot of 234256.0 = 484.0
2022-04-17 14:17:06.391 [main] INFO  Calculator - RESULT - Factorial of 5.0 = 120.0
2022-04-17 14:17:09.638 [main] INFO  Calculator - RESULT - NaturalLog of 346347.0 = 12.7551964416549
2022-04-17 14:17:28.544 [main] INFO  Calculator - RESULT - Power of 84.0^5.0 = 4.182119424E9
2022-04-17 14:17:32.922 [main] INFO  Calculator - RESULT - SquareRoot of 3.45734623E8 = 18593.94049146119
2022-04-17 14:17:35.699 [main] INFO  Calculator - RESULT - Factorial of 7.0 = 5040.0
2022-04-17 14:17:39.270 [main] INFO  Calculator - RESULT - NaturalLog of 3212345.0 = 14.982511757994352
2022-04-17 14:17:56.543 [main] INFO  Calculator - RESULT - Power of 23.0^6.0 = 1.48035889E8
2022-04-17 14:17:59.772 [main] INFO  Calculator - RESULT - SquareRoot of 23264.0 = 152.52540771950095
2022-04-17 14:18:29.125 [main] INFO  Calculator - RESULT - Factorial of 9.0 = 362880.0
2022-04-17 14:19:48.183 [main] INFO  Calculator - RESULT - Power of 2.0^3.0 = 8.0
2022-04-17 14:19:48.187 [main] INFO  Calculator - RESULT - Power of -3.0^3.0 = -27.0
2022-04-17 14:19:48.190 [main] INFO  Calculator - RESULT - NaturalLog of 10.0 = 2.302585092994046
2022-04-17 14:19:48.190 [main] INFO  Calculator - RESULT - NaturalLog of 1.0 = 0.0
2022-04-17 14:23:32.192 [main] INFO  Calculator - RESULT - SquareRoot of 2342.0 = 48.394214530251446
2022-04-17 14:23:36.876 [main] INFO  Calculator - RESULT - Factorial of 10.0 = 3628800.0
2022-04-17 14:23:57.638 [main] INFO  Calculator - RESULT - NaturalLog of 11234.0 = 9.326700173092378
2022-04-17 14:24:04.074 [main] INFO  Calculator - RESULT - Power of 34.0^5.0 = 4.5435424E7
2022-04-17 14:24:38.338 [main] INFO  Calculator - RESULT - Power of 2.0^3.0 = 8.0
2022-04-17 14:24:38.343 [main] INFO  Calculator - RESULT - Power of -3.0^3.0 = -27.0
2022-04-17 14:24:38.346 [main] INFO  Calculator - RESULT - NaturalLog of 10.0 = 2.302585092994046
2022-04-17 14:24:38.347 [main] INFO  Calculator - RESULT - NaturalLog of 1.0 = 0.0
2022-04-17 14:24:38.348 [main] INFO  Calculator - RESULT - SquareRoot of 9.0 = 3.0
2022-04-17 14:24:38.349 [main] INFO  Calculator - RESULT - SquareRoot of 16.0 = 4.0
2022-04-17 14:24:38.351 [main] INFO  Calculator - RESULT - Factorial of 5.0 = 120.0
2022-04-17 14:24:38.352 [main] INFO  Calculator - RESULT - Factorial of 6.0 = 720.0
2022-04-17 14:24:38.353 [main] INFO  Calculator - RESULT - Power of 2.0^3.0 = 8.0`
2022-04-17 14:24:38.353 [main] INFO  Calculator - RESULT - Power of -4.5^3.0 = -91.125
2022-04-17 14:24:38.354 [main] INFO  Calculator - RESULT - SquareRoot of 3.0 = 1.7320508075688772
2022-04-17 14:24:38.355 [main] INFO  Calculator - RESULT - SquareRoot of 2.0 = 1.4142135623730951
2022-04-17 14:24:38.356 [main] INFO  Calculator - RESULT - NaturalLog of 15.0 = 2.70805020110221
2022-04-17 14:24:38.357 [main] INFO  Calculator - RESULT - NaturalLog of 12.3 = 2.509599262378372
2022-04-17 14:24:38.358 [main] INFO  Calculator - RESULT - Factorial of 4.0 = 24.0
2022-04-17 14:24:38.358 [main] INFO  Calculator - RESULT - Factorial of 5.0 = 120.0
